<?xml version="1.0" encoding="UTF-8"?>
<!-- Generated by org.testng.reporters.JUnitReportReporter -->
<testsuite hostname="Firozs-Mac-Pro.home" failures="0" tests="2" name="Day_15_06062020.Kayak_Data_Driven_TestNG_crossbrowser" time="125.297" errors="0" timestamp="2020-06-06T14:47:43 EDT" skipped="0">
  <testcase classname="Day_15_06062020.Kayak_Data_Driven_TestNG_crossbrowser" name="kayakSearch" time="67.605"/>
  <system-out>
Entering a value on element Search Field Entering a value on element Drop-off Date Entering a value on element Pick-up Date Capturing a text from element Car Info Unable to capture text on element Car Info org.openqa.selenium.TimeoutException: Expected condition failed: waiting for presence of element located by: By.xpath: //*[contains(@class,'bui-panel') or @class='search' or @class='booking-section' or @class='addressGrid'] (tried for 20 second(s) with 500 milliseconds interval)  </system-out>
  <testcase classname="Day_15_06062020.Kayak_Data_Driven_TestNG_crossbrowser" name="kayakSearch" time="57.692"/>
  <system-out>
Entering a value on element Search Field Entering a value on element Drop-off Date Entering a value on element Pick-up Date Capturing a text from element Car Info Unable to capture text on element Car Info org.openqa.selenium.TimeoutException: Expected condition failed: waiting for presence of element located by: By.xpath: //*[contains(@class,'bui-panel') or @class='search' or @class='booking-section' or @class='addressGrid'] (tried for 20 second(s) with 500 milliseconds interval)  </system-out>
</testsuite> <!-- Day_15_06062020.Kayak_Data_Driven_TestNG_crossbrowser -->
